Determining if the pthread_create exist failed with the following output:
Change Dir: /home/cc/ee106b/sp18/class/ee106b-aaf/ros_workspaces/lab1_ws/build/CMakeFiles/CMakeTmp

Run Build Command:/usr/bin/make "cmTryCompileExec3007958559/fast"
/usr/bin/make -f CMakeFiles/cmTryCompileExec3007958559.dir/build.make CMakeFiles/cmTryCompileExec3007958559.dir/build
make[1]: Entering directory `/home/cc/ee106b/sp18/class/ee106b-aaf/ros_workspaces/lab1_ws/build/CMakeFiles/CMakeTmp'
/usr/bin/cmake -E cmake_progress_report /home/cc/ee106b/sp18/class/ee106b-aaf/ros_workspaces/lab1_ws/build/CMakeFiles/CMakeTmp/CMakeFiles 1
Building C object CMakeFiles/cmTryCompileExec3007958559.dir/CheckSymbolExists.c.o
/usr/bin/cc    -o CMakeFiles/cmTryCompileExec3007958559.dir/CheckSymbolExists.c.o   -c /home/cc/ee106b/sp18/class/ee106b-aaf/ros_workspaces/lab1_ws/build/CMakeFiles/CMakeTmp/CheckSymbolExists.c
Linking C executable cmTryCompileExec3007958559
/usr/bin/cmake -E cmake_link_script CMakeFiles/cmTryCompileExec3007958559.dir/link.txt --verbose=1
/usr/bin/cc       CMakeFiles/cmTryCompileExec3007958559.dir/CheckSymbolExists.c.o  -o cmTryCompileExec3007958559 -rdynamic 
CMakeFiles/cmTryCompileExec3007958559.dir/CheckSymbolExists.c.o: In function `main':
CheckSymbolExists.c:(.text+0x16): undefined reference to `pthread_create'
collect2: error: ld returned 1 exit status
make[1]: *** [cmTryCompileExec3007958559] Error 1
make[1]: Leaving directory `/home/cc/ee106b/sp18/class/ee106b-aaf/ros_workspaces/lab1_ws/build/CMakeFiles/CMakeTmp'
make: *** [cmTryCompileExec3007958559/fast] Error 2

File /home/cc/ee106b/sp18/class/ee106b-aaf/ros_workspaces/lab1_ws/build/CMakeFiles/CMakeTmp/CheckSymbolExists.c:
/* */
#include <pthread.h>

int main(int argc, char** argv)
{
  (void)argv;
#ifndef pthread_create
  return ((int*)(&pthread_create))[argc];
#else
  (void)argc;
  return 0;
#endif
}

Determining if the function pthread_create exists in the pthreads failed with the following output:
Change Dir: /home/cc/ee106b/sp18/class/ee106b-aaf/ros_workspaces/lab1_ws/build/CMakeFiles/CMakeTmp

Run Build Command:/usr/bin/make "cmTryCompileExec146876453/fast"
/usr/bin/make -f CMakeFiles/cmTryCompileExec146876453.dir/build.make CMakeFiles/cmTryCompileExec146876453.dir/build
make[1]: Entering directory `/home/cc/ee106b/sp18/class/ee106b-aaf/ros_workspaces/lab1_ws/build/CMakeFiles/CMakeTmp'
/usr/bin/cmake -E cmake_progress_report /home/cc/ee106b/sp18/class/ee106b-aaf/ros_workspaces/lab1_ws/build/CMakeFiles/CMakeTmp/CMakeFiles 1
Building C object CMakeFiles/cmTryCompileExec146876453.dir/CheckFunctionExists.c.o
/usr/bin/cc   -DCHECK_FUNCTION_EXISTS=pthread_create   -o CMakeFiles/cmTryCompileExec146876453.dir/CheckFunctionExists.c.o   -c /usr/share/cmake-2.8/Modules/CheckFunctionExists.c
Linking C executable cmTryCompileExec146876453
/usr/bin/cmake -E cmake_link_script CMakeFiles/cmTryCompileExec146876453.dir/link.txt --verbose=1
/usr/bin/cc   -DCHECK_FUNCTION_EXISTS=pthread_create    CMakeFiles/cmTryCompileExec146876453.dir/CheckFunctionExists.c.o  -o cmTryCompileExec146876453 -rdynamic -lpthreads 
/usr/bin/ld: cannot find -lpthreads
collect2: error: ld returned 1 exit status
make[1]: *** [cmTryCompileExec146876453] Error 1
make[1]: Leaving directory `/home/cc/ee106b/sp18/class/ee106b-aaf/ros_workspaces/lab1_ws/build/CMakeFiles/CMakeTmp'
make: *** [cmTryCompileExec146876453/fast] Error 2


